{"/Users/a36739/Desktop/2023 Spring/CS 220/HW1/01-image-processing/src/imageProcessing.ts": {"path":"/Users/a36739/Desktop/2023 Spring/CS 220/HW1/01-image-processing/src/imageProcessing.ts","statementMap":{"0":{"start":{"line":9,"column":15},"end":{"line":9,"column":25}},"1":{"start":{"line":10,"column":22},"end":{"line":10,"column":40}},"2":{"start":{"line":11,"column":2},"end":{"line":15,"column":null}},"3":{"start":{"line":11,"column":15},"end":{"line":11,"column":16}},"4":{"start":{"line":13,"column":22},"end":{"line":13,"column":73}},"5":{"start":{"line":14,"column":4},"end":{"line":14,"column":89}},"6":{"start":{"line":16,"column":2},"end":{"line":16,"column":14}},"7":{"start":{"line":8,"column":0},"end":{"line":8,"column":16}},"8":{"start":{"line":26,"column":15},"end":{"line":26,"column":25}},"9":{"start":{"line":27,"column":22},"end":{"line":27,"column":40}},"10":{"start":{"line":28,"column":2},"end":{"line":34,"column":null}},"11":{"start":{"line":28,"column":15},"end":{"line":28,"column":16}},"12":{"start":{"line":29,"column":22},"end":{"line":29,"column":73}},"13":{"start":{"line":30,"column":19},"end":{"line":30,"column":64}},"14":{"start":{"line":31,"column":21},"end":{"line":31,"column":66}},"15":{"start":{"line":32,"column":20},"end":{"line":32,"column":65}},"16":{"start":{"line":33,"column":4},"end":{"line":33,"column":85}},"17":{"start":{"line":35,"column":2},"end":{"line":35,"column":14}},"18":{"start":{"line":25,"column":0},"end":{"line":25,"column":16}},"19":{"start":{"line":48,"column":2},"end":{"line":50,"column":null}},"20":{"start":{"line":49,"column":4},"end":{"line":49,"column":11}},"21":{"start":{"line":52,"column":2},"end":{"line":54,"column":null}},"22":{"start":{"line":52,"column":15},"end":{"line":52,"column":16}},"23":{"start":{"line":53,"column":4},"end":{"line":53,"column":59}},"24":{"start":{"line":55,"column":2},"end":{"line":55,"column":9}},"25":{"start":{"line":47,"column":0},"end":{"line":47,"column":16}},"26":{"start":{"line":66,"column":15},"end":{"line":66,"column":25}},"27":{"start":{"line":67,"column":2},"end":{"line":69,"column":null}},"28":{"start":{"line":67,"column":15},"end":{"line":67,"column":16}},"29":{"start":{"line":68,"column":4},"end":{"line":68,"column":27}},"30":{"start":{"line":70,"column":2},"end":{"line":70,"column":14}},"31":{"start":{"line":65,"column":0},"end":{"line":65,"column":16}},"32":{"start":{"line":79,"column":13},"end":{"line":79,"column":23}},"33":{"start":{"line":80,"column":2},"end":{"line":80,"column":58}},"34":{"start":{"line":80,"column":33},"end":{"line":80,"column":56}},"35":{"start":{"line":81,"column":2},"end":{"line":81,"column":14}},"36":{"start":{"line":78,"column":0},"end":{"line":78,"column":16}},"37":{"start":{"line":91,"column":13},"end":{"line":91,"column":23}},"38":{"start":{"line":92,"column":2},"end":{"line":96,"column":5}},"39":{"start":{"line":92,"column":33},"end":{"line":96,"column":4}},"40":{"start":{"line":97,"column":2},"end":{"line":97,"column":14}},"41":{"start":{"line":90,"column":0},"end":{"line":90,"column":16}}},"fnMap":{"0":{"name":"removeRed","decl":{"start":{"line":8,"column":16},"end":{"line":8,"column":25}},"loc":{"start":{"line":8,"column":36},"end":{"line":17,"column":1}}},"1":{"name":"flipColors","decl":{"start":{"line":25,"column":16},"end":{"line":25,"column":26}},"loc":{"start":{"line":25,"column":37},"end":{"line":36,"column":1}}},"2":{"name":"mapLine","decl":{"start":{"line":47,"column":16},"end":{"line":47,"column":23}},"loc":{"start":{"line":47,"column":77},"end":{"line":56,"column":1}}},"3":{"name":"imageMap","decl":{"start":{"line":65,"column":16},"end":{"line":65,"column":24}},"loc":{"start":{"line":65,"column":62},"end":{"line":71,"column":1}}},"4":{"name":"mapToGB","decl":{"start":{"line":78,"column":16},"end":{"line":78,"column":23}},"loc":{"start":{"line":78,"column":34},"end":{"line":82,"column":1}}},"5":{"name":"(anonymous_5)","decl":{"start":{"line":80,"column":24},"end":{"line":80,"column":29}},"loc":{"start":{"line":80,"column":33},"end":{"line":80,"column":56}}},"6":{"name":"mapFlipColors","decl":{"start":{"line":90,"column":16},"end":{"line":90,"column":29}},"loc":{"start":{"line":90,"column":40},"end":{"line":98,"column":1}}},"7":{"name":"(anonymous_7)","decl":{"start":{"line":92,"column":24},"end":{"line":92,"column":29}},"loc":{"start":{"line":92,"column":33},"end":{"line":96,"column":4}}}},"branchMap":{"0":{"loc":{"start":{"line":48,"column":2},"end":{"line":50,"column":null}},"type":"if","locations":[{"start":{"line":48,"column":2},"end":{"line":50,"column":null}}]},"1":{"loc":{"start":{"line":48,"column":6},"end":{"line":48,"column":68}},"type":"binary-expr","locations":[{"start":{"line":48,"column":6},"end":{"line":48,"column":25}},{"start":{"line":48,"column":29},"end":{"line":48,"column":39}},{"start":{"line":48,"column":43},"end":{"line":48,"column":68}}]}},"s":{"0":2,"1":2,"2":2,"3":2,"4":512100,"5":512100,"6":2,"7":1,"8":2,"9":2,"10":2,"11":2,"12":200,"13":200,"14":200,"15":200,"16":200,"17":2,"18":1,"19":35,"20":2,"21":33,"22":33,"23":330,"24":33,"25":1,"26":3,"27":3,"28":3,"29":30,"30":3,"31":1,"32":1,"33":1,"34":100,"35":1,"36":1,"37":1,"38":1,"39":100,"40":1,"41":1},"f":{"0":2,"1":2,"2":35,"3":3,"4":1,"5":100,"6":1,"7":100},"b":{"0":[2],"1":[35,35,34]}}
}
