TN:
SF:src/imageProcessing.ts
FN:8,removeRed
FN:25,flipColors
FN:47,mapLine
FN:65,imageMap
FN:78,mapToGB
FN:80,(anonymous_5)
FN:90,mapFlipColors
FN:92,(anonymous_7)
FNF:8
FNH:8
FNDA:2,removeRed
FNDA:2,flipColors
FNDA:35,mapLine
FNDA:3,imageMap
FNDA:1,mapToGB
FNDA:100,(anonymous_5)
FNDA:1,mapFlipColors
FNDA:100,(anonymous_7)
DA:8,1
DA:9,2
DA:10,2
DA:11,2
DA:13,512100
DA:14,512100
DA:16,2
DA:25,1
DA:26,2
DA:27,2
DA:28,2
DA:29,200
DA:30,200
DA:31,200
DA:32,200
DA:33,200
DA:35,2
DA:47,1
DA:48,35
DA:49,2
DA:52,33
DA:53,330
DA:55,33
DA:65,1
DA:66,3
DA:67,3
DA:68,30
DA:70,3
DA:78,1
DA:79,1
DA:80,100
DA:81,1
DA:90,1
DA:91,1
DA:92,100
DA:97,1
LF:36
LH:36
BRDA:48,0,0,2
BRDA:48,1,0,35
BRDA:48,1,1,35
BRDA:48,1,2,34
BRF:4
BRH:4
end_of_record
